0 info it worked if it ends with ok
1 verbose cli [ '/usr/local/Cellar/node/5.6.0/bin/node',
1 verbose cli   '/usr/local/bin/npm',
1 verbose cli   'run',
1 verbose cli   'build' ]
2 info using npm@3.8.2
3 info using node@v5.6.0
4 verbose run-script [ 'prebuild', 'build', 'postbuild' ]
5 info lifecycle voog-kit@0.1.4~prebuild: voog-kit@0.1.4
6 silly lifecycle voog-kit@0.1.4~prebuild: no script for prebuild, continuing
7 info lifecycle voog-kit@0.1.4~build: voog-kit@0.1.4
8 verbose lifecycle voog-kit@0.1.4~build: unsafe-perm in lifecycle true
9 verbose lifecycle voog-kit@0.1.4~build: PATH: /usr/local/lib/node_modules/npm/bin/node-gyp-bin:/Users/mikk/dev/kit/kit-cli/node_modules/.bin:/usr/local/Cellar/node/5.6.0/bin:/usr/local/lib/node_modules/npm/bin/node-gyp-bin:/Users/mikk/dev/kit/kit-cli/node_modules/.bin:/usr/local/Cellar/node/5.6.0/bin:/Users/mikk/.opam/4.02.3/bin:/Users/mikk/Library/Haskell/bin:/Users/mikk/.rbenv/shims:/Users/mikk/Library/Haskell/bin:/usr/local/Cellar/python/2.7.4/Frameworks/Python.framework/Versions/2.7/bin:/usr/local/bin:/Users/mikk/.rbenv/shims:/Users/mikk/.rbenv/bin:/Users/mikk/.rbenv/versions/2.1.2/bin:/usr/local/bin:/usr/bin:/Users/mikk/bin:/usr/local/lib/node_modules:/usr/bin:/bin:/usr/sbin:/sbin:/usr/local/opt/go/libexec/bin:/Users/mikk/dev/go/bin
10 verbose lifecycle voog-kit@0.1.4~build: CWD: /Users/mikk/dev/kit/kit-cli
11 silly lifecycle voog-kit@0.1.4~build: Args: [ '-c',
11 silly lifecycle   'rollup -c && echo `echo $(date +"[%H:%M:%S]") rebuilt ./index.js`' ]
12 silly lifecycle voog-kit@0.1.4~build: Returned: code: 1  signal: null
13 info lifecycle voog-kit@0.1.4~build: Failed to exec build script
14 verbose stack Error: voog-kit@0.1.4 build: `rollup -c && echo `echo $(date +"[%H:%M:%S]") rebuilt ./index.js``
14 verbose stack Exit status 1
14 verbose stack     at EventEmitter.<anonymous> (/usr/local/lib/node_modules/npm/lib/utils/lifecycle.js:239:16)
14 verbose stack     at emitTwo (events.js:100:13)
14 verbose stack     at EventEmitter.emit (events.js:185:7)
14 verbose stack     at ChildProcess.<anonymous> (/usr/local/lib/node_modules/npm/lib/utils/spawn.js:24:14)
14 verbose stack     at emitTwo (events.js:100:13)
14 verbose stack     at ChildProcess.emit (events.js:185:7)
14 verbose stack     at maybeClose (internal/child_process.js:827:16)
14 verbose stack     at Process.ChildProcess._handle.onexit (internal/child_process.js:211:5)
15 verbose pkgid voog-kit@0.1.4
16 verbose cwd /Users/mikk/dev/kit/kit-cli
17 error Darwin 15.3.0
18 error argv "/usr/local/Cellar/node/5.6.0/bin/node" "/usr/local/bin/npm" "run" "build"
19 error node v5.6.0
20 error npm  v3.8.2
21 error code ELIFECYCLE
22 error voog-kit@0.1.4 build: `rollup -c && echo `echo $(date +"[%H:%M:%S]") rebuilt ./index.js``
22 error Exit status 1
23 error Failed at the voog-kit@0.1.4 build script 'rollup -c && echo `echo $(date +"[%H:%M:%S]") rebuilt ./index.js`'.
23 error Make sure you have the latest version of node.js and npm installed.
23 error If you do, this is most likely a problem with the voog-kit package,
23 error not with npm itself.
23 error Tell the author that this fails on your system:
23 error     rollup -c && echo `echo $(date +"[%H:%M:%S]") rebuilt ./index.js`
23 error You can get information on how to open an issue for this project with:
23 error     npm bugs voog-kit
23 error Or if that isn't available, you can get their info via:
23 error     npm owner ls voog-kit
23 error There is likely additional logging output above.
24 verbose exit [ 1, true ]
